Build started 29.10.2025 22:24:24.
     1>Project "C:\Users\makov\Downloads\Eco.Lab1_20250409 (2)\Eco.Lab1\AssemblyFiles\Windows\VisualStudio_10\Eco.CalculatorC\AssemblyFiles\Windows\VisualStudio_10\Eco.CalculatorC.vcxproj" on node 3 (build target(s)).
     1>InitializeBuildStatus:
         Creating "Eco.CalculatorC\StaticDebug\Eco.CalculatorC.unsuccessfulbuild" because "AlwaysCreate" was specified.
       ClCompile:
         C:\Program Files (x86)\Microsoft Visual Studio 10.0\VC\bin\CL.exe /c /I..\..\..\HeaderFiles /I..\..\..\SharedFiles /I"C:\Users\makov\Downloads\Eco.Framework_20250429 (1)\Eco.Core1\SharedFiles" /I"C:\Users\makov\Downloads\Eco.Framework_20250429 (1)\Eco.MemoryManager1\SharedFiles" /I"C:\Users\makov\Downloads\Eco.Framework_20250429 (1)\Eco.InterfaceBus1\SharedFiles" /ZI /nologo /W3 /WX- /Od /Oy- /D ECO_WINDOWS /D ECO_WIN32 /D _DEBUG /D ECO_X86_32 /D _WINDOWS /D ECO_LIB /D UGUID_UTILITY /D _UNICODE /D UNICODE /Gm /EHsc /RTC1 /MTd /GS /fp:precise /Zc:wchar_t /Zc:forScope /Fo"Eco.CalculatorC\StaticDebug\\" /Fd"Eco.CalculatorC\StaticDebug\vc100.pdb" /Gz /TC /analyze- /errorReport:prompt ..\..\..\SourceFiles\CEcoCalculatorC.c ..\..\..\SourceFiles\CEcoCalculatorCFactory.c
         CEcoCalculatorCFactory.c
         CEcoCalculatorC.c
         Generating Code...
       MakeDirsForLib:
         Creating directory "C:\Users\makov\Downloads\Eco.Lab1_20250409 (2)\Eco.Lab1\AssemblyFiles\Windows\VisualStudio_10\Eco.CalculatorC\AssemblyFiles\Windows\VisualStudio_10\..\..\..\BuildFiles\Windows\x86\StaticDebug".
     1>C:\Program Files (x86)\MSBuild\Microsoft.Cpp\v4.0\Microsoft.CppBuild.targets(1151,5): warning MSB8012: TargetPath(C:\Users\makov\Downloads\Eco.Lab1_20250409 (2)\Eco.Lab1\AssemblyFiles\Windows\VisualStudio_10\Eco.CalculatorC\StaticDebug\4828F6552E4540E78121EBD220DC360E.lib) does not match the Library's OutputFile property value (C:\Users\makov\Downloads\Eco.Lab1_20250409 (2)\Eco.Lab1\AssemblyFiles\Windows\VisualStudio_10\Eco.CalculatorC\BuildFiles\Windows\x86\StaticDebug\4828F6552E4540E78121EBD220DC360E.lib). This may cause your project to build incorrectly. To correct this, please make sure that $(OutDir), $(TargetName) and $(TargetExt) property values match the value specified in %(Lib.OutputFile).
       Lib:
         C:\Program Files (x86)\Microsoft Visual Studio 10.0\VC\bin\Lib.exe /OUT:"..\..\..\BuildFiles\Windows\x86\StaticDebug\4828F6552E4540E78121EBD220DC360E.lib" /NOLOGO Eco.CalculatorC\StaticDebug\CEcoCalculatorC.obj
         Eco.CalculatorC\StaticDebug\CEcoCalculatorCFactory.obj
         Eco.CalculatorC.vcxproj -> C:\Users\makov\Downloads\Eco.Lab1_20250409 (2)\Eco.Lab1\AssemblyFiles\Windows\VisualStudio_10\Eco.CalculatorC\StaticDebug\4828F6552E4540E78121EBD220DC360E.lib
       FinalizeBuildStatus:
         Deleting file "Eco.CalculatorC\StaticDebug\Eco.CalculatorC.unsuccessfulbuild".
         Touching "Eco.CalculatorC\StaticDebug\Eco.CalculatorC.lastbuildstate".
     1>Done Building Project "C:\Users\makov\Downloads\Eco.Lab1_20250409 (2)\Eco.Lab1\AssemblyFiles\Windows\VisualStudio_10\Eco.CalculatorC\AssemblyFiles\Windows\VisualStudio_10\Eco.CalculatorC.vcxproj" (build target(s)).

Build succeeded.

Time Elapsed 00:00:01.37
